<?xml version="1.0" encoding="UTF-8"?>
<!-- Generated by org.testng.reporters.JUnitReportReporter -->
<testsuite skipped="0" hostname="DESKTOP-TP6OK70" name="com.Browserlogin.InvokeBrowser" tests="1" failures="0" timestamp="07 Oct 2017 22:32:14 GMT" time="29.094" errors="0">
  <testcase name="ffbrowser" time="29.094" classname="com.Browserlogin.InvokeBrowser"/>
</testsuite> <!-- com.Browserlogin.InvokeBrowser -->
